<?xml version="1.0" encoding="UTF-8"?>
<!-- Generated by org.testng.reporters.JUnitReportReporter -->
<testsuite hostname="DESKTOP-E6E990Q" failures="0" tests="3" name="testcase.LoginTest" time="73.668" errors="0" timestamp="2023-03-21T23:36:18 EET" skipped="0">
  <testcase classname="testcase.LoginTest" name="LoginData" time="20.527"/>
  <system-out/>
  <testcase classname="testcase.LoginTest" name="LoginData" time="32.773"/>
  <system-out/>
  <testcase classname="testcase.LoginTest" name="LoginData" time="20.368"/>
  <system-out/>
</testsuite> <!-- testcase.LoginTest -->
