<?xml version="1.0" encoding="UTF-8"?>
<!-- Generated by org.testng.reporters.JUnitReportReporter -->
<testsuite hostname="DESKTOP-E6E990Q" failures="0" tests="1" name="utilities.Listeners" time="15.745" errors="0" timestamp="2023-03-21T23:36:18 EET" skipped="0">
  <testcase classname="utilities.Listeners" name="orderflowTest" time="15.745"/>
  <system-out>
    <![CDATA[OrderFlowTest]]>
  </system-out>
</testsuite> <!-- utilities.Listeners -->
